
[legomyego@MacBookPro]-[~/Compiler/writing-a-c-compiler-tests]
>>> ./test_compiler /home/legomyego/Compiler/src/compiler_driver --chapter 1 --stage lex
======================================================================
FAIL: test_invalid_parse/extra_junk (test_framework.basic.TestChapter1.test_invalid_parse/extra_junk)
----------------------------------------------------------------------
Traceback (most recent call last):
  File "/home/legomyego/Compiler/writing-a-c-compiler-tests/test_framework/basic.py", line 592, in test_valid
    self.compile_success(program)
    ~~~~~~~~~~~~~~~~~~~~^^^^^^^^^
  File "/home/legomyego/Compiler/writing-a-c-compiler-tests/test_framework/basic.py", line 359, in compile_success
    self.assertEqual(
    ~~~~~~~~~~~~~~~~^
        result.returncode,
        ^^^^^^^^^^^^^^^^^^
        0,
        ^^
        msg=f"compilation of {source_file} failed with error:\n{result.stderr}",
        ^^^^^^^^^^^^^^^^^^^^^^^^^^^^^^^^^^^^^^^^^^^^^^^^^^^^^^^^^^^^^^^^^^^^^^^^
    )
    ^
AssertionError: compilation of /home/legomyego/Compiler/writing-a-c-compiler-tests/tests/chapter_1/invalid_parse/extra_junk.c failed with error:
Error: Invalid character '/'


======================================================================
FAIL: test_invalid_parse/invalid_function_name (test_framework.basic.TestChapter1.test_invalid_parse/invalid_function_name)
----------------------------------------------------------------------
Traceback (most recent call last):
  File "/home/legomyego/Compiler/writing-a-c-compiler-tests/test_framework/basic.py", line 592, in test_valid
    self.compile_success(program)
    ~~~~~~~~~~~~~~~~~~~~^^^^^^^^^
  File "/home/legomyego/Compiler/writing-a-c-compiler-tests/test_framework/basic.py", line 359, in compile_success
    self.assertEqual(
    ~~~~~~~~~~~~~~~~^
        result.returncode,
        ^^^^^^^^^^^^^^^^^^
        0,
        ^^
        msg=f"compilation of {source_file} failed with error:\n{result.stderr}",
        ^^^^^^^^^^^^^^^^^^^^^^^^^^^^^^^^^^^^^^^^^^^^^^^^^^^^^^^^^^^^^^^^^^^^^^^^
    )
    ^
AssertionError: compilation of /home/legomyego/Compiler/writing-a-c-compiler-tests/tests/chapter_1/invalid_parse/invalid_function_name.c failed with error:
Error: Invalid character '/'


======================================================================
FAIL: test_invalid_parse/missing_type (test_framework.basic.TestChapter1.test_invalid_parse/missing_type)
----------------------------------------------------------------------
Traceback (most recent call last):
  File "/home/legomyego/Compiler/writing-a-c-compiler-tests/test_framework/basic.py", line 592, in test_valid
    self.compile_success(program)
    ~~~~~~~~~~~~~~~~~~~~^^^^^^^^^
  File "/home/legomyego/Compiler/writing-a-c-compiler-tests/test_framework/basic.py", line 359, in compile_success
    self.assertEqual(
    ~~~~~~~~~~~~~~~~^
        result.returncode,
        ^^^^^^^^^^^^^^^^^^
        0,
        ^^
        msg=f"compilation of {source_file} failed with error:\n{result.stderr}",
        ^^^^^^^^^^^^^^^^^^^^^^^^^^^^^^^^^^^^^^^^^^^^^^^^^^^^^^^^^^^^^^^^^^^^^^^^
    )
    ^
AssertionError: compilation of /home/legomyego/Compiler/writing-a-c-compiler-tests/tests/chapter_1/invalid_parse/missing_type.c failed with error:
Error: Invalid character '/'


======================================================================
FAIL: test_valid/multi_digit (test_framework.basic.TestChapter1.test_valid/multi_digit)
----------------------------------------------------------------------
Traceback (most recent call last):
  File "/home/legomyego/Compiler/writing-a-c-compiler-tests/test_framework/basic.py", line 592, in test_valid
    self.compile_success(program)
    ~~~~~~~~~~~~~~~~~~~~^^^^^^^^^
  File "/home/legomyego/Compiler/writing-a-c-compiler-tests/test_framework/basic.py", line 359, in compile_success
    self.assertEqual(
    ~~~~~~~~~~~~~~~~^
        result.returncode,
        ^^^^^^^^^^^^^^^^^^
        0,
        ^^
        msg=f"compilation of {source_file} failed with error:\n{result.stderr}",
        ^^^^^^^^^^^^^^^^^^^^^^^^^^^^^^^^^^^^^^^^^^^^^^^^^^^^^^^^^^^^^^^^^^^^^^^^
    )
    ^
AssertionError: compilation of /home/legomyego/Compiler/writing-a-c-compiler-tests/tests/chapter_1/valid/multi_digit.c failed with error:
Error: Invalid character '/'


----------------------------------------------------------------------
Ran 24 tests in 0.053s

FAILED (failures=4)
[legomyego@MacBookPro]-[~/Compiler/writing-a-c-compiler-tests]

